FIBER ID PTE2609704                       50       6/27/2026 4:46:07 PM
START TIME: 6/27/2026 4:43:33 PM
FIBRE LENGTH  48.385
 
TOP LSA ATTENUATION 1310  0.325
TOP MAX ATTENUATION 1310  0.345
TOP MIN ATTENUATION 1310  0.315
BOT LSA ATTENUATION 1310  0.326
BOT MAX ATTENUATION 1310  0.341
BOT MIN ATTENUATION 1310  0.316
AVG LSA ATTENUATION 1310  0.325
AVG MAX ATTENUATION 1310  0.343
AVG MIN ATTENUATION 1310  0.319
 
TOP LSA ATTENUATION 1383  0.276
TOP MAX ATTENUATION 1383  0.334
TOP MIN ATTENUATION 1383  0.235
BOT LSA ATTENUATION 1383  0.276
BOT MAX ATTENUATION 1383  0.311
BOT MIN ATTENUATION 1383  0.218
AVG LSA ATTENUATION 1383  0.276
AVG MAX ATTENUATION 1383  0.309
AVG MIN ATTENUATION 1383  0.243
 
TOP LSA ATTENUATION 1550  0.188
TOP MAX ATTENUATION 1550  0.222
TOP MIN ATTENUATION 1550  0.170
BOT LSA ATTENUATION 1550  0.188
BOT MAX ATTENUATION 1550  0.209
BOT MIN ATTENUATION 1550  0.174
AVG LSA ATTENUATION 1550  0.188
AVG MAX ATTENUATION 1550  0.213
AVG MIN ATTENUATION 1550  0.180
 
TOP LSA ATTENUATION 1625  0.195
TOP MAX ATTENUATION 1625  0.225
TOP MIN ATTENUATION 1625  0.185
BOT LSA ATTENUATION 1625  0.196
BOT MAX ATTENUATION 1625  0.219
BOT MIN ATTENUATION 1625  0.185
AVG LSA ATTENUATION 1625  0.195
AVG MAX ATTENUATION 1625  0.222
AVG MIN ATTENUATION 1625  0.190
 
STEP SIZE AT 1310  :
SPIKE (Reflectance) 1310
STEP SIZE AT 1550  :
SPIKE (Reflectance) 1550
TOP SECTIONAL LOSS (1310) :
 
0.326  0.201
0.322  0.401
0.320  0.601
0.320  0.801
0.320  1.001
0.322  1.201
0.323  1.401
0.325  1.601
0.324  1.801
0.320  2.001
0.320  2.201
0.320  2.401
0.320  2.601
0.322  2.801
0.323  3.001
0.323  3.201
0.326  3.401
0.327  3.601
0.326  3.801
0.325  4.001
0.322  4.201
0.320  4.401
0.322  4.601
0.325  4.801
0.325  5.001
0.325  5.201
0.321  5.401
0.321  5.601
0.319  5.801
0.322  6.001
0.328  6.201
0.326  6.401
0.330  6.601
0.323  6.801
0.322  7.001
0.323  7.201
0.321  7.401
0.323  7.601
0.323  7.801
0.323  8.001
0.327  8.201
0.325  8.401
0.321  8.601
0.320  8.801
0.324  9.001
0.330  9.201
0.329  9.401
0.329  9.601
0.325  9.801
0.323  10.001
0.324  10.201
0.323  10.401
0.326  10.601
0.327  10.801
0.323  11.001
0.321  11.201
0.320  11.401
0.325  11.601
0.326  11.801
0.330  12.001
0.328  12.201
0.326  12.401
0.328  12.601
0.325  12.801
0.325  13.001
0.324  13.201
0.320  13.401
0.326  13.601
0.325  13.801
0.325  14.001
0.325  14.201
0.315  14.401
0.318  14.601
0.317  14.801
0.320  15.001
0.321  15.201
0.320  15.401
0.320  15.601
0.320  15.801
0.325  16.001
0.324  16.201
0.322  16.401
0.321  16.601
0.321  16.801
0.320  17.001
0.322  17.201
0.319  17.401
0.318  17.601
0.320  17.801
0.323  18.001
0.326  18.201
0.328  18.401
0.327  18.601
0.323  18.801
0.323  19.001
0.321  19.201
0.323  19.401
0.321  19.601
0.320  19.801
0.324  20.001
0.325  20.201
0.329  20.401
0.327  20.601
0.324  20.801
0.321  21.001
0.320  21.201
0.322  21.401
0.324  21.601
0.324  21.801
0.322  22.001
0.323  22.201
0.325  22.401
0.326  22.601
0.329  22.801
0.325  23.001
0.325  23.201
0.324  23.401
0.322  23.601
0.326  23.801
0.324  24.001
0.324  24.201
0.326  24.401
0.325  24.601
0.328  24.801
0.326  25.001
0.324  25.201
0.322  25.401
0.319  25.601
0.323  25.801
0.329  26.001
0.332  26.201
0.325  26.401
0.323  26.601
0.321  26.801
0.324  27.001
0.324  27.201
0.323  27.401
0.325  27.601
0.325  27.801
0.327  28.001
0.326  28.201
0.330  28.401
0.328  28.601
0.325  28.801
0.326  29.001
0.323  29.201
0.326  29.401
0.326  29.601
0.327  29.801
0.332  30.001
0.328  30.201
0.329  30.401
0.327  30.601
0.326  30.801
0.324  31.001
0.322  31.201
0.323  31.401
0.324  31.601
0.326  31.801
0.322  32.001
0.324  32.201
0.329  32.401
0.324  32.601
0.327  32.801
0.325  33.001
0.329  33.201
0.332  33.401
0.324  33.601
0.324  33.801
0.322  34.001
0.326  34.201
0.327  34.401
0.326  34.601
0.328  34.801
0.331  35.001
0.328  35.201
0.324  35.401
0.324  35.601
0.324  35.801
0.327  36.001
0.326  36.201
0.328  36.401
0.328  36.601
0.326  36.801
0.326  37.001
0.321  37.201
0.326  37.401
0.329  37.601
0.328  37.801
0.327  38.001
0.327  38.201
0.328  38.401
0.327  38.601
0.320  38.801
0.318  39.001
0.320  39.201
0.325  39.401
0.329  39.601
0.329  39.801
0.333  40.001
0.328  40.201
0.326  40.401
0.324  40.601
0.324  40.801
0.335  41.001
0.335  41.201
0.336  41.401
0.332  41.601
0.336  41.801
0.340  42.001
0.345  42.201
0.345  42.401
0.339  42.601
0.339  42.801
0.329  43.001
0.323  43.201
0.319  43.401
0.317  43.601
0.320  43.801
0.328  44.001
0.328  44.201
0.329  44.401
0.324  44.601
0.329  44.801
0.326  45.001
0.324  45.201
0.322  45.401
0.320  45.601
0.331  45.801
0.335  46.001
0.338  46.201
0.331  46.401
 
BOT SECTIONAL LOSS (1310) :
 
0.324  0.201
0.327  0.401
0.327  0.601
0.328  0.801
0.324  1.001
0.318  1.201
0.317  1.401
0.321  1.601
0.321  1.801
0.326  2.001
0.325  2.201
0.324  2.401
0.325  2.601
0.323  2.801
0.326  3.001
0.326  3.201
0.334  3.401
0.341  3.601
0.338  3.801
0.336  4.001
0.329  4.201
0.331  4.401
0.338  4.601
0.336  4.801
0.332  5.001
0.332  5.201
0.328  5.401
0.332  5.601
0.331  5.801
0.326  6.001
0.328  6.201
0.324  6.401
0.325  6.601
0.325  6.801
0.326  7.001
0.327  7.201
0.328  7.401
0.326  7.601
0.327  7.801
0.323  8.001
0.319  8.201
0.322  8.401
0.326  8.601
0.330  8.801
0.329  9.001
0.324  9.201
0.324  9.401
0.325  9.601
0.324  9.801
0.324  10.001
0.321  10.201
0.325  10.401
0.328  10.601
0.326  10.801
0.330  11.001
0.330  11.201
0.331  11.401
0.330  11.601
0.325  11.801
0.324  12.001
0.324  12.201
0.325  12.401
0.327  12.601
0.326  12.801
0.328  13.001
0.326  13.201
0.323  13.401
0.324  13.601
0.325  13.801
0.326  14.001
0.325  14.201
0.325  14.401
0.326  14.601
0.333  14.801
0.333  15.001
0.328  15.201
0.322  15.401
0.318  15.601
0.320  15.801
0.318  16.001
0.316  16.201
0.318  16.401
0.320  16.601
0.325  16.801
0.324  17.001
0.323  17.201
0.322  17.401
0.318  17.601
0.320  17.801
0.321  18.001
0.322  18.201
0.325  18.401
0.322  18.601
0.324  18.801
0.322  19.001
0.323  19.201
0.325  19.401
0.325  19.601
0.325  19.801
0.319  20.001
0.323  20.201
0.325  20.401
0.329  20.601
0.327  20.801
0.324  21.001
0.323  21.201
0.320  21.401
0.325  21.601
0.324  21.801
0.324  22.001
0.322  22.201
0.323  22.401
0.327  22.601
0.326  22.801
0.325  23.001
0.322  23.201
0.321  23.401
0.324  23.601
0.326  23.801
0.328  24.001
0.326  24.201
0.323  24.401
0.320  24.601
0.325  24.801
0.330  25.001
0.330  25.201
0.328  25.401
0.321  25.601
0.321  25.801
0.323  26.001
0.324  26.201
0.328  26.401
0.328  26.601
0.327  26.801
0.325  27.001
0.324  27.201
0.325  27.401
0.324  27.601
0.325  27.801
0.325  28.001
0.327  28.201
0.326  28.401
0.325  28.601
0.324  28.801
0.326  29.001
0.330  29.201
0.328  29.401
0.326  29.601
0.322  29.801
0.321  30.001
0.324  30.201
0.328  30.401
0.329  30.601
0.329  30.801
0.327  31.001
0.324  31.201
0.328  31.401
0.326  31.601
0.323  31.801
0.322  32.001
0.326  32.201
0.329  32.401
0.329  32.601
0.327  32.801
0.323  33.001
0.326  33.201
0.325  33.401
0.321  33.601
0.326  33.801
0.329  34.001
0.327  34.201
0.326  34.401
0.324  34.601
0.326  34.801
0.329  35.001
0.329  35.201
0.327  35.401
0.326  35.601
0.324  35.801
0.326  36.001
0.330  36.201
0.328  36.401
0.323  36.601
0.318  36.801
0.323  37.001
0.331  37.201
0.340  37.401
0.332  37.601
0.323  37.801
0.326  38.001
0.326  38.201
0.332  38.401
0.328  38.601
0.323  38.801
0.324  39.001
0.327  39.201
0.328  39.401
0.323  39.601
0.324  39.801
0.324  40.001
0.327  40.201
0.327  40.401
0.332  40.601
0.329  40.801
0.326  41.001
0.326  41.201
0.321  41.401
0.327  41.601
0.324  41.801
0.323  42.001
0.323  42.201
0.325  42.401
0.323  42.601
0.332  42.801
0.328  43.001
0.327  43.201
0.324  43.401
0.323  43.601
0.327  43.801
0.329  44.001
0.332  44.201
0.324  44.401
0.326  44.601
0.318  44.801
0.320  45.001
0.327  45.201
0.331  45.401
0.334  45.601
0.331  45.801
0.324  46.001
0.318  46.201
0.324  46.401
0.326  46.601
 
AVG SECTIONAL LOSS (1310) :
 
0.324  0.201
0.326  0.401
0.325  0.601
0.325  0.801
0.323  1.001
0.320  1.201
0.321  1.401
0.325  1.601
0.325  1.801
0.326  2.001
0.325  2.201
0.322  2.401
0.322  2.601
0.323  2.801
0.324  3.001
0.326  3.201
0.329  3.401
0.325  3.601
0.326  3.801
0.324  4.001
0.322  4.201
0.324  4.401
0.324  4.601
0.325  4.801
0.326  5.001
0.325  5.201
0.326  5.401
0.327  5.601
0.324  5.801
0.325  6.001
0.325  6.201
0.325  6.401
0.328  6.601
0.326  6.801
0.324  7.001
0.324  7.201
0.322  7.401
0.325  7.601
0.327  7.801
0.324  8.001
0.326  8.201
0.324  8.401
0.327  8.601
0.330  8.801
0.326  9.001
0.326  9.201
0.324  9.401
0.327  9.601
0.328  9.801
0.326  10.001
0.325  10.201
0.324  10.401
0.326  10.601
0.328  10.801
0.326  11.001
0.325  11.201
0.323  11.401
0.324  11.601
0.327  11.801
0.328  12.001
0.328  12.201
0.325  12.401
0.325  12.601
0.326  12.801
0.325  13.001
0.324  13.201
0.324  13.401
0.327  13.601
0.327  13.801
0.324  14.001
0.323  14.201
0.319  14.401
0.322  14.601
0.322  14.801
0.322  15.001
0.324  15.201
0.324  15.401
0.324  15.601
0.324  15.801
0.324  16.001
0.322  16.201
0.322  16.401
0.323  16.601
0.325  16.801
0.325  17.001
0.324  17.201
0.322  17.401
0.321  17.601
0.324  17.801
0.325  18.001
0.326  18.201
0.326  18.401
0.325  18.601
0.324  18.801
0.324  19.001
0.324  19.201
0.325  19.401
0.324  19.601
0.324  19.801
0.324  20.001
0.324  20.201
0.325  20.401
0.325  20.601
0.326  20.801
0.326  21.001
0.325  21.201
0.323  21.401
0.322  21.601
0.324  21.801
0.324  22.001
0.326  22.201
0.326  22.401
0.325  22.601
0.324  22.801
0.325  23.001
0.325  23.201
0.325  23.401
0.325  23.601
0.324  23.801
0.323  24.001
0.324  24.201
0.324  24.401
0.324  24.601
0.325  24.801
0.325  25.001
0.324  25.201
0.325  25.401
0.323  25.601
0.324  25.801
0.326  26.001
0.326  26.201
0.325  26.401
0.323  26.601
0.323  26.801
0.324  27.001
0.323  27.201
0.324  27.401
0.323  27.601
0.325  27.801
0.325  28.001
0.324  28.201
0.325  28.401
0.323  28.601
0.324  28.801
0.324  29.001
0.323  29.201
0.325  29.401
0.323  29.601
0.323  29.801
0.324  30.001
0.323  30.201
0.324  30.401
0.323  30.601
0.325  30.801
0.327  31.001
0.328  31.201
0.327  31.401
0.325  31.601
0.326  31.801
0.324  32.001
0.326  32.201
0.326  32.401
0.323  32.601
0.326  32.801
0.326  33.001
0.329  33.201
0.328  33.401
0.325  33.601
0.324  33.801
0.323  34.001
0.324  34.201
0.326  34.401
0.328  34.601
0.329  34.801
0.330  35.001
0.327  35.201
0.324  35.401
0.325  35.601
0.324  35.801
0.324  36.001
0.325  36.201
0.326  36.401
0.326  36.601
0.325  36.801
0.325  37.001
0.325  37.201
0.327  37.401
0.328  37.601
0.325  37.801
0.323  38.001
0.325  38.201
0.327  38.401
0.326  38.601
0.325  38.801
0.322  39.001
0.322  39.201
0.326  39.401
0.327  39.601
0.328  39.801
0.330  40.001
0.327  40.201
0.329  40.401
0.327  40.601
0.327  40.801
0.334  41.001
0.334  41.201
0.336  41.401
0.335  41.601
0.333  41.801
0.335  42.001
0.341  42.201
0.343  42.401
0.340  42.601
0.335  42.801
0.327  43.001
0.324  43.201
0.322  43.401
0.322  43.601
0.322  43.801
0.326  44.001
0.327  44.201
0.325  44.401
0.322  44.601
0.323  44.801
0.322  45.001
0.324  45.201
0.325  45.401
0.324  45.601
0.328  45.801
 
TOP SECTIONAL LOSS (1383) :
 
0.277  0.201
0.272  0.401
0.259  0.601
0.282  0.801
0.300  1.001
0.290  1.201
0.278  1.401
0.276  1.601
0.271  1.801
0.274  2.001
0.267  2.201
0.268  2.401
0.269  2.601
0.274  2.801
0.274  3.001
0.274  3.201
0.279  3.401
0.269  3.601
0.273  3.801
0.273  4.001
0.282  4.201
0.280  4.401
0.273  4.601
0.275  4.801
0.266  5.001
0.273  5.201
0.269  5.401
0.277  5.601
0.292  5.801
0.280  6.001
0.272  6.201
0.264  6.401
0.263  6.601
0.271  6.801
0.266  7.001
0.277  7.201
0.296  7.401
0.295  7.601
0.283  7.801
0.270  8.001
0.271  8.201
0.270  8.401
0.271  8.601
0.270  8.801
0.280  9.001
0.283  9.201
0.274  9.401
0.272  9.601
0.265  9.801
0.284  10.001
0.288  10.201
0.287  10.401
0.285  10.601
0.271  10.801
0.267  11.001
0.265  11.201
0.275  11.401
0.281  11.601
0.277  11.801
0.285  12.001
0.281  12.201
0.293  12.401
0.282  12.601
0.260  12.801
0.266  13.001
0.273  13.201
0.286  13.401
0.275  13.601
0.263  13.801
0.263  14.001
0.273  14.201
0.276  14.401
0.283  14.601
0.291  14.801
0.299  15.001
0.284  15.201
0.265  15.401
0.266  15.601
0.269  15.801
0.281  16.001
0.276  16.201
0.265  16.401
0.263  16.601
0.274  16.801
0.285  17.001
0.280  17.201
0.284  17.401
0.270  17.601
0.273  17.801
0.286  18.001
0.277  18.201
0.282  18.401
0.272  18.601
0.259  18.801
0.258  19.001
0.263  19.201
0.282  19.401
0.289  19.601
0.286  19.801
0.272  20.001
0.269  20.201
0.275  20.401
0.270  20.601
0.281  20.801
0.292  21.001
0.292  21.201
0.273  21.401
0.262  21.601
0.257  21.801
0.276  22.001
0.295  22.201
0.274  22.401
0.273  22.601
0.271  22.801
0.291  23.001
0.294  23.201
0.284  23.401
0.268  23.601
0.256  23.801
0.278  24.001
0.281  24.201
0.285  24.401
0.281  24.601
0.264  24.801
0.264  25.001
0.269  25.201
0.287  25.401
0.291  25.601
0.282  25.801
0.279  26.001
0.256  26.201
0.258  26.401
0.280  26.601
0.287  26.801
0.296  27.001
0.286  27.201
0.260  27.401
0.258  27.601
0.260  27.801
0.277  28.001
0.280  28.201
0.280  28.401
0.279  28.601
0.274  28.801
0.297  29.001
0.288  29.201
0.278  29.401
0.267  29.601
0.258  29.801
0.277  30.001
0.299  30.201
0.287  30.401
0.285  30.601
0.275  30.801
0.266  31.001
0.276  31.201
0.269  31.401
0.265  31.601
0.279  31.801
0.273  32.001
0.279  32.201
0.279  32.401
0.261  32.601
0.267  32.801
0.262  33.001
0.286  33.201
0.289  33.401
0.280  33.601
0.281  33.801
0.274  34.001
0.279  34.201
0.284  34.401
0.285  34.601
0.282  34.801
0.276  35.001
0.268  35.201
0.252  35.401
0.267  35.601
0.282  35.801
0.282  36.001
0.283  36.201
0.271  36.401
0.276  36.601
0.284  36.801
0.282  37.001
0.255  37.201
0.256  37.401
0.280  37.601
0.287  37.801
0.283  38.001
0.256  38.201
0.259  38.401
0.262  38.601
0.295  38.801
0.294  39.001
0.287  39.201
0.281  39.401
0.255  39.601
0.274  39.801
0.278  40.001
0.267  40.201
0.274  40.401
0.268  40.601
0.274  40.801
0.271  41.001
0.273  41.201
0.303  41.401
0.291  41.601
0.285  41.801
0.256  42.001
0.284  42.201
0.310  42.401
0.312  42.601
0.305  42.801
0.268  43.001
0.262  43.201
0.263  43.401
0.269  43.601
0.293  43.801
0.288  44.001
0.263  44.201
0.253  44.401
0.235  44.601
0.256  44.801
0.277  45.001
0.273  45.201
0.307  45.401
0.334  45.601
0.327  45.801
0.307  46.001
0.252  46.201
0.244  46.401
 
BOT SECTIONAL LOSS (1383) :
 
0.284  0.201
0.288  0.401
0.288  0.601
0.268  0.801
0.257  1.001
0.269  1.201
0.277  1.401
0.280  1.601
0.278  1.801
0.277  2.001
0.289  2.201
0.289  2.401
0.265  2.601
0.262  2.801
0.278  3.001
0.282  3.201
0.284  3.401
0.272  3.601
0.275  3.801
0.302  4.001
0.299  4.201
0.286  4.401
0.290  4.601
0.275  4.801
0.288  5.001
0.277  5.201
0.280  5.401
0.287  5.601
0.282  5.801
0.289  6.001
0.285  6.201
0.294  6.401
0.280  6.601
0.276  6.801
0.280  7.001
0.284  7.201
0.284  7.401
0.276  7.601
0.275  7.801
0.277  8.001
0.267  8.201
0.276  8.401
0.273  8.601
0.278  8.801
0.284  9.001
0.285  9.201
0.276  9.401
0.279  9.601
0.268  9.801
0.263  10.001
0.280  10.201
0.277  10.401
0.281  10.601
0.276  10.801
0.275  11.001
0.274  11.201
0.285  11.401
0.281  11.601
0.272  11.801
0.274  12.001
0.271  12.201
0.279  12.401
0.286  12.601
0.282  12.801
0.278  13.001
0.270  13.201
0.266  13.401
0.268  13.601
0.273  13.801
0.282  14.001
0.287  14.201
0.286  14.401
0.276  14.601
0.266  14.801
0.257  15.001
0.272  15.201
0.280  15.401
0.289  15.601
0.291  15.801
0.271  16.001
0.276  16.201
0.264  16.401
0.270  16.601
0.264  16.801
0.272  17.001
0.278  17.201
0.267  17.401
0.266  17.601
0.268  17.801
0.297  18.001
0.302  18.201
0.288  18.401
0.271  18.601
0.276  18.801
0.279  19.001
0.278  19.201
0.261  19.401
0.243  19.601
0.258  19.801
0.279  20.001
0.298  20.201
0.292  20.401
0.280  20.601
0.261  20.801
0.266  21.001
0.279  21.201
0.281  21.401
0.294  21.601
0.286  21.801
0.285  22.001
0.278  22.201
0.277  22.401
0.275  22.601
0.272  22.801
0.263  23.001
0.258  23.201
0.259  23.401
0.275  23.601
0.291  23.801
0.283  24.001
0.281  24.201
0.273  24.401
0.273  24.601
0.279  24.801
0.286  25.001
0.280  25.201
0.273  25.401
0.265  25.601
0.269  25.801
0.276  26.001
0.262  26.201
0.278  26.401
0.282  26.601
0.290  26.801
0.290  27.001
0.258  27.201
0.270  27.401
0.272  27.601
0.281  27.801
0.279  28.001
0.264  28.201
0.263  28.401
0.257  28.601
0.278  28.801
0.285  29.001
0.281  29.201
0.281  29.401
0.260  29.601
0.270  29.801
0.288  30.001
0.294  30.201
0.297  30.401
0.271  30.601
0.260  30.801
0.262  31.001
0.265  31.201
0.268  31.401
0.265  31.601
0.270  31.801
0.272  32.001
0.283  32.201
0.291  32.401
0.288  32.601
0.293  32.801
0.287  33.001
0.287  33.201
0.263  33.401
0.253  33.601
0.249  33.801
0.270  34.001
0.295  34.201
0.278  34.401
0.283  34.601
0.270  34.801
0.277  35.001
0.283  35.201
0.276  35.401
0.284  35.601
0.275  35.801
0.267  36.001
0.255  36.201
0.266  36.401
0.256  36.601
0.271  36.801
0.299  37.001
0.298  37.201
0.304  37.401
0.274  37.601
0.254  37.801
0.273  38.001
0.279  38.201
0.281  38.401
0.279  38.601
0.274  38.801
0.279  39.001
0.289  39.201
0.277  39.401
0.258  39.601
0.285  39.801
0.297  40.001
0.311  40.201
0.295  40.401
0.253  40.601
0.244  40.801
0.267  41.001
0.274  41.201
0.286  41.401
0.279  41.601
0.253  41.801
0.250  42.001
0.281  42.201
0.286  42.401
0.293  42.601
0.275  42.801
0.249  43.001
0.278  43.201
0.276  43.401
0.286  43.601
0.258  43.801
0.246  44.001
0.259  44.201
0.279  44.401
0.275  44.601
0.289  44.801
0.258  45.001
0.275  45.201
0.296  45.401
0.272  45.601
0.266  45.801
0.218  46.001
0.247  46.201
0.295  46.401
0.306  46.601
 
AVG SECTIONAL LOSS (1383) :
 
0.243  0.201
0.257  0.401
0.270  0.601
0.292  0.801
0.282  1.001
0.278  1.201
0.283  1.401
0.284  1.601
0.277  1.801
0.263  2.001
0.260  2.201
0.267  2.401
0.281  2.601
0.276  2.801
0.277  3.001
0.259  3.201
0.272  3.401
0.286  3.601
0.282  3.801
0.278  4.001
0.263  4.201
0.262  4.401
0.272  4.601
0.281  4.801
0.269  5.001
0.273  5.201
0.258  5.401
0.260  5.601
0.286  5.801
0.292  6.001
0.290  6.201
0.274  6.401
0.267  6.601
0.267  6.801
0.278  7.001
0.280  7.201
0.281  7.401
0.288  7.601
0.278  7.801
0.272  8.001
0.277  8.201
0.257  8.401
0.270  8.601
0.280  8.801
0.288  9.001
0.292  9.201
0.268  9.401
0.263  9.601
0.262  9.801
0.275  10.001
0.272  10.201
0.276  10.401
0.280  10.601
0.276  10.801
0.278  11.001
0.272  11.201
0.276  11.401
0.284  11.601
0.281  11.801
0.288  12.001
0.280  12.201
0.277  12.401
0.267  12.601
0.262  12.801
0.272  13.001
0.281  13.201
0.287  13.401
0.283  13.601
0.277  13.801
0.274  14.001
0.273  14.201
0.270  14.401
0.276  14.601
0.278  14.801
0.284  15.001
0.271  15.201
0.258  15.401
0.266  15.601
0.281  15.801
0.288  16.001
0.284  16.201
0.267  16.401
0.263  16.601
0.276  16.801
0.284  17.001
0.283  17.201
0.282  17.401
0.268  17.601
0.265  17.801
0.275  18.001
0.277  18.201
0.283  18.401
0.276  18.601
0.261  18.801
0.259  19.001
0.275  19.201
0.286  19.401
0.287  19.601
0.281  19.801
0.268  20.001
0.273  20.201
0.270  20.401
0.269  20.601
0.276  20.801
0.282  21.001
0.289  21.201
0.277  21.401
0.269  21.601
0.267  21.801
0.276  22.001
0.289  22.201
0.281  22.401
0.276  22.601
0.270  22.801
0.273  23.001
0.280  23.201
0.275  23.401
0.272  23.601
0.267  23.801
0.278  24.001
0.285  24.201
0.285  24.401
0.287  24.601
0.273  24.801
0.272  25.001
0.269  25.201
0.272  25.401
0.283  25.601
0.286  25.801
0.289  26.001
0.268  26.201
0.260  26.401
0.262  26.601
0.271  26.801
0.287  27.001
0.284  27.201
0.268  27.401
0.262  27.601
0.270  27.801
0.290  28.001
0.292  28.201
0.277  28.401
0.272  28.601
0.269  28.801
0.289  29.001
0.281  29.201
0.274  29.401
0.267  29.601
0.263  29.801
0.276  30.001
0.284  30.201
0.288  30.401
0.289  30.601
0.281  30.801
0.269  31.001
0.267  31.201
0.265  31.401
0.269  31.601
0.281  31.801
0.281  32.001
0.281  32.201
0.277  32.401
0.263  32.601
0.266  32.801
0.265  33.001
0.280  33.201
0.285  33.401
0.283  33.601
0.283  33.801
0.270  34.001
0.275  34.201
0.277  34.401
0.284  34.601
0.285  34.801
0.274  35.001
0.270  35.201
0.265  35.401
0.276  35.601
0.281  35.801
0.282  36.001
0.276  36.201
0.270  36.401
0.276  36.601
0.281  36.801
0.282  37.001
0.273  37.201
0.266  37.401
0.277  37.601
0.279  37.801
0.277  38.001
0.268  38.201
0.266  38.401
0.267  38.601
0.286  38.801
0.290  39.001
0.284  39.201
0.278  39.401
0.266  39.601
0.282  39.801
0.282  40.001
0.276  40.201
0.279  40.401
0.278  40.601
0.276  40.801
0.274  41.001
0.279  41.201
0.292  41.401
0.289  41.601
0.285  41.801
0.277  42.001
0.293  42.201
0.296  42.401
0.292  42.601
0.291  42.801
0.278  43.001
0.270  43.201
0.264  43.401
0.265  43.601
0.288  43.801
0.292  44.001
0.271  44.201
0.265  44.401
0.258  44.601
0.267  44.801
0.276  45.001
0.266  45.201
0.283  45.401
0.309  45.601
0.307  45.801
 
TOP SECTIONAL LOSS (1550) :
 
0.186  0.201
0.188  0.401
0.186  0.601
0.186  0.801
0.188  1.001
0.188  1.201
0.185  1.401
0.184  1.601
0.185  1.801
0.186  2.001
0.188  2.201
0.185  2.401
0.181  2.601
0.184  2.801
0.186  3.001
0.189  3.201
0.189  3.401
0.186  3.601
0.184  3.801
0.182  4.001
0.185  4.201
0.189  4.401
0.190  4.601
0.189  4.801
0.189  5.001
0.186  5.201
0.186  5.401
0.186  5.601
0.186  5.801
0.190  6.001
0.187  6.201
0.186  6.401
0.188  6.601
0.187  6.801
0.188  7.001
0.185  7.201
0.185  7.401
0.188  7.601
0.186  7.801
0.181  8.001
0.185  8.201
0.184  8.401
0.187  8.601
0.187  8.801
0.185  9.001
0.190  9.201
0.186  9.401
0.184  9.601
0.183  9.801
0.188  10.001
0.192  10.201
0.189  10.401
0.183  10.601
0.181  10.801
0.182  11.001
0.187  11.201
0.189  11.401
0.189  11.601
0.190  11.801
0.188  12.001
0.187  12.201
0.185  12.401
0.187  12.601
0.187  12.801
0.187  13.001
0.186  13.201
0.184  13.401
0.185  13.601
0.188  13.801
0.187  14.001
0.187  14.201
0.187  14.401
0.183  14.601
0.184  14.801
0.186  15.001
0.188  15.201
0.189  15.401
0.186  15.601
0.185  15.801
0.186  16.001
0.190  16.201
0.190  16.401
0.189  16.601
0.189  16.801
0.188  17.001
0.187  17.201
0.184  17.401
0.185  17.601
0.186  17.801
0.188  18.001
0.190  18.201
0.186  18.401
0.191  18.601
0.190  18.801
0.189  19.001
0.185  19.201
0.184  19.401
0.187  19.601
0.184  19.801
0.185  20.001
0.186  20.201
0.190  20.401
0.193  20.601
0.185  20.801
0.183  21.001
0.183  21.201
0.190  21.401
0.196  21.601
0.193  21.801
0.187  22.001
0.182  22.201
0.184  22.401
0.187  22.601
0.187  22.801
0.186  23.001
0.187  23.201
0.191  23.401
0.192  23.601
0.188  23.801
0.184  24.001
0.182  24.201
0.188  24.401
0.189  24.601
0.190  24.801
0.186  25.001
0.183  25.201
0.181  25.401
0.184  25.601
0.189  25.801
0.189  26.001
0.195  26.201
0.190  26.401
0.192  26.601
0.190  26.801
0.182  27.001
0.179  27.201
0.180  27.401
0.187  27.601
0.191  27.801
0.194  28.001
0.194  28.201
0.191  28.401
0.189  28.601
0.184  28.801
0.181  29.001
0.186  29.201
0.188  29.401
0.190  29.601
0.191  29.801
0.187  30.001
0.188  30.201
0.188  30.401
0.189  30.601
0.187  30.801
0.185  31.001
0.181  31.201
0.183  31.401
0.189  31.601
0.192  31.801
0.196  32.001
0.184  32.201
0.183  32.401
0.189  32.601
0.184  32.801
0.195  33.001
0.187  33.201
0.186  33.401
0.187  33.601
0.179  33.801
0.187  34.001
0.182  34.201
0.189  34.401
0.184  34.601
0.182  34.801
0.189  35.001
0.190  35.201
0.191  35.401
0.190  35.601
0.188  35.801
0.186  36.001
0.189  36.201
0.187  36.401
0.187  36.601
0.188  36.801
0.188  37.001
0.185  37.201
0.184  37.401
0.185  37.601
0.187  37.801
0.188  38.001
0.184  38.201
0.183  38.401
0.184  38.601
0.188  38.801
0.189  39.001
0.184  39.201
0.191  39.401
0.190  39.601
0.193  39.801
0.194  40.001
0.189  40.201
0.185  40.401
0.187  40.601
0.186  40.801
0.193  41.001
0.201  41.201
0.196  41.401
0.203  41.601
0.194  41.801
0.194  42.001
0.209  42.201
0.216  42.401
0.222  42.601
0.211  42.801
0.182  43.001
0.170  43.201
0.175  43.401
0.187  43.601
0.197  43.801
0.187  44.001
0.180  44.201
0.181  44.401
0.186  44.601
0.192  44.801
0.191  45.001
0.197  45.201
0.190  45.401
0.193  45.601
0.199  45.801
0.197  46.001
0.200  46.201
0.176  46.401
0.178  46.601
 
BOT SECTIONAL LOSS (1550) :
 
0.187  0.201
0.185  0.401
0.185  0.601
0.187  0.801
0.189  1.001
0.188  1.201
0.188  1.401
0.186  1.601
0.184  1.801
0.183  2.001
0.181  2.201
0.184  2.401
0.189  2.601
0.192  2.801
0.192  3.001
0.190  3.201
0.201  3.401
0.206  3.601
0.209  3.801
0.205  4.001
0.196  4.201
0.196  4.401
0.198  4.601
0.200  4.801
0.200  5.001
0.202  5.201
0.198  5.401
0.194  5.601
0.190  5.801
0.189  6.001
0.188  6.201
0.189  6.401
0.187  6.601
0.183  6.801
0.187  7.001
0.187  7.201
0.189  7.401
0.192  7.601
0.192  7.801
0.189  8.001
0.188  8.201
0.186  8.401
0.185  8.601
0.189  8.801
0.187  9.001
0.186  9.201
0.185  9.401
0.184  9.601
0.185  9.801
0.187  10.001
0.191  10.201
0.191  10.401
0.189  10.601
0.186  10.801
0.186  11.001
0.185  11.201
0.189  11.401
0.189  11.601
0.188  11.801
0.191  12.001
0.188  12.201
0.188  12.401
0.184  12.601
0.181  12.801
0.186  13.001
0.184  13.201
0.186  13.401
0.184  13.601
0.184  13.801
0.190  14.001
0.186  14.201
0.187  14.401
0.187  14.601
0.189  14.801
0.193  15.001
0.188  15.201
0.187  15.401
0.184  15.601
0.184  15.801
0.183  16.001
0.183  16.201
0.186  16.401
0.189  16.601
0.192  16.801
0.187  17.001
0.187  17.201
0.187  17.401
0.188  17.601
0.188  17.801
0.184  18.001
0.184  18.201
0.186  18.401
0.188  18.601
0.193  18.801
0.191  19.001
0.192  19.201
0.190  19.401
0.186  19.601
0.186  19.801
0.181  20.001
0.187  20.201
0.192  20.401
0.190  20.601
0.190  20.801
0.188  21.001
0.186  21.201
0.187  21.401
0.184  21.601
0.188  21.801
0.190  22.001
0.190  22.201
0.188  22.401
0.187  22.601
0.186  22.801
0.187  23.001
0.189  23.201
0.186  23.401
0.189  23.601
0.189  23.801
0.190  24.001
0.188  24.201
0.185  24.401
0.182  24.601
0.184  24.801
0.188  25.001
0.188  25.201
0.189  25.401
0.185  25.601
0.187  25.801
0.193  26.001
0.190  26.201
0.188  26.401
0.185  26.601
0.189  26.801
0.191  27.001
0.186  27.201
0.184  27.401
0.182  27.601
0.186  27.801
0.185  28.001
0.184  28.201
0.195  28.401
0.190  28.601
0.187  28.801
0.185  29.001
0.182  29.201
0.190  29.401
0.188  29.601
0.188  29.801
0.187  30.001
0.184  30.201
0.187  30.401
0.189  30.601
0.188  30.801
0.190  31.001
0.190  31.201
0.188  31.401
0.189  31.601
0.183  31.801
0.184  32.001
0.189  32.201
0.185  32.401
0.184  32.601
0.180  32.801
0.181  33.001
0.190  33.201
0.192  33.401
0.195  33.601
0.191  33.801
0.182  34.001
0.183  34.201
0.183  34.401
0.190  34.601
0.192  34.801
0.189  35.001
0.190  35.201
0.189  35.401
0.189  35.601
0.187  35.801
0.186  36.001
0.193  36.201
0.196  36.401
0.190  36.601
0.190  36.801
0.181  37.001
0.185  37.201
0.186  37.401
0.184  37.601
0.188  37.801
0.183  38.001
0.189  38.201
0.188  38.401
0.186  38.601
0.186  38.801
0.186  39.001
0.193  39.201
0.195  39.401
0.190  39.601
0.191  39.801
0.183  40.001
0.187  40.201
0.185  40.401
0.182  40.601
0.192  40.801
0.194  41.001
0.193  41.201
0.187  41.401
0.181  41.601
0.183  41.801
0.194  42.001
0.197  42.201
0.186  42.401
0.182  42.601
0.174  42.801
0.176  43.001
0.186  43.201
0.192  43.401
0.199  43.601
0.194  43.801
0.184  44.001
0.179  44.201
0.190  44.401
0.193  44.601
0.192  44.801
0.185  45.001
0.187  45.201
0.193  45.401
0.190  45.601
0.183  45.801
0.183  46.001
0.181  46.201
0.188  46.401
0.181  46.601
 
AVG SECTIONAL LOSS (1550) :
 
0.185  0.201
0.186  0.401
0.188  0.601
0.190  0.801
0.187  1.001
0.187  1.201
0.189  1.401
0.187  1.601
0.188  1.801
0.183  2.001
0.187  2.201
0.191  2.401
0.189  2.601
0.189  2.801
0.185  3.001
0.183  3.201
0.183  3.401
0.184  3.601
0.186  3.801
0.189  4.001
0.189  4.201
0.186  4.401
0.186  4.601
0.189  4.801
0.191  5.001
0.190  5.201
0.189  5.401
0.184  5.601
0.185  5.801
0.188  6.001
0.185  6.201
0.189  6.401
0.189  6.601
0.190  6.801
0.190  7.001
0.186  7.201
0.186  7.401
0.186  7.601
0.186  7.801
0.185  8.001
0.184  8.201
0.186  8.401
0.185  8.601
0.186  8.801
0.185  9.001
0.186  9.201
0.188  9.401
0.186  9.601
0.190  9.801
0.190  10.001
0.189  10.201
0.188  10.401
0.186  10.601
0.185  10.801
0.186  11.001
0.188  11.201
0.189  11.401
0.190  11.601
0.186  11.801
0.185  12.001
0.185  12.201
0.188  12.401
0.191  12.601
0.189  12.801
0.188  13.001
0.184  13.201
0.183  13.401
0.185  13.601
0.187  13.801
0.188  14.001
0.185  14.201
0.185  14.401
0.187  14.601
0.186  14.801
0.188  15.001
0.189  15.201
0.189  15.401
0.188  15.601
0.185  15.801
0.185  16.001
0.189  16.201
0.189  16.401
0.189  16.601
0.189  16.801
0.185  17.001
0.187  17.201
0.186  17.401
0.188  17.601
0.190  17.801
0.187  18.001
0.188  18.201
0.186  18.401
0.186  18.601
0.187  18.801
0.188  19.001
0.188  19.201
0.187  19.401
0.186  19.601
0.186  19.801
0.189  20.001
0.189  20.201
0.189  20.401
0.190  20.601
0.187  20.801
0.186  21.001
0.185  21.201
0.187  21.401
0.190  21.601
0.189  21.801
0.187  22.001
0.186  22.201
0.187  22.401
0.188  22.601
0.187  22.801
0.187  23.001
0.186  23.201
0.189  23.401
0.190  23.601
0.189  23.801
0.187  24.001
0.186  24.201
0.188  24.401
0.187  24.601
0.188  24.801
0.187  25.001
0.185  25.201
0.185  25.401
0.187  25.601
0.190  25.801
0.188  26.001
0.188  26.201
0.188  26.401
0.189  26.601
0.189  26.801
0.187  27.001
0.185  27.201
0.187  27.401
0.187  27.601
0.188  27.801
0.189  28.001
0.189  28.201
0.190  28.401
0.188  28.601
0.185  28.801
0.184  29.001
0.187  29.201
0.190  29.401
0.190  29.601
0.188  29.801
0.185  30.001
0.186  30.201
0.186  30.401
0.187  30.601
0.187  30.801
0.187  31.001
0.186  31.201
0.186  31.401
0.188  31.601
0.189  31.801
0.192  32.001
0.187  32.201
0.184  32.401
0.187  32.601
0.185  32.801
0.190  33.001
0.186  33.201
0.184  33.401
0.186  33.601
0.184  33.801
0.188  34.001
0.187  34.201
0.188  34.401
0.187  34.601
0.186  34.801
0.187  35.001
0.188  35.201
0.189  35.401
0.190  35.601
0.190  35.801
0.188  36.001
0.188  36.201
0.186  36.401
0.186  36.601
0.186  36.801
0.187  37.001
0.186  37.201
0.187  37.401
0.185  37.601
0.187  37.801
0.188  38.001
0.187  38.201
0.188  38.401
0.188  38.601
0.189  38.801
0.188  39.001
0.185  39.201
0.187  39.401
0.189  39.601
0.191  39.801
0.191  40.001
0.189  40.201
0.188  40.401
0.191  40.601
0.192  40.801
0.198  41.001
0.200  41.201
0.198  41.401
0.200  41.601
0.195  41.801
0.195  42.001
0.207  42.201
0.212  42.401
0.213  42.601
0.206  42.801
0.185  43.001
0.180  43.201
0.184  43.401
0.187  43.601
0.190  43.801
0.184  44.001
0.182  44.201
0.183  44.401
0.186  44.601
0.190  44.801
0.190  45.001
0.193  45.201
0.188  45.401
0.189  45.601
0.192  45.801
 
TOP SECTIONAL LOSS (1625) :
 
0.194  0.201
0.195  0.401
0.194  0.601
0.190  0.801
0.192  1.001
0.193  1.201
0.195  1.401
0.196  1.601
0.199  1.801
0.199  2.001
0.196  2.201
0.195  2.401
0.192  2.601
0.192  2.801
0.193  3.001
0.192  3.201
0.194  3.401
0.195  3.601
0.193  3.801
0.193  4.001
0.195  4.201
0.195  4.401
0.196  4.601
0.196  4.801
0.196  5.001
0.195  5.201
0.188  5.401
0.189  5.601
0.193  5.801
0.197  6.001
0.198  6.201
0.196  6.401
0.195  6.601
0.195  6.801
0.196  7.001
0.195  7.201
0.195  7.401
0.192  7.601
0.190  7.801
0.191  8.001
0.192  8.201
0.193  8.401
0.194  8.601
0.194  8.801
0.193  9.001
0.192  9.201
0.191  9.401
0.194  9.601
0.194  9.801
0.194  10.001
0.194  10.201
0.194  10.401
0.194  10.601
0.193  10.801
0.191  11.001
0.192  11.201
0.193  11.401
0.194  11.601
0.193  11.801
0.194  12.001
0.197  12.201
0.196  12.401
0.197  12.601
0.193  12.801
0.195  13.001
0.195  13.201
0.192  13.401
0.192  13.601
0.193  13.801
0.194  14.001
0.196  14.201
0.192  14.401
0.192  14.601
0.196  14.801
0.196  15.001
0.198  15.201
0.198  15.401
0.198  15.601
0.198  15.801
0.194  16.001
0.193  16.201
0.193  16.401
0.196  16.601
0.196  16.801
0.194  17.001
0.197  17.201
0.196  17.401
0.195  17.601
0.193  17.801
0.194  18.001
0.197  18.201
0.199  18.401
0.195  18.601
0.193  18.801
0.192  19.001
0.193  19.201
0.196  19.401
0.196  19.601
0.194  19.801
0.193  20.001
0.194  20.201
0.195  20.401
0.196  20.601
0.192  20.801
0.193  21.001
0.196  21.201
0.197  21.401
0.196  21.601
0.192  21.801
0.194  22.001
0.196  22.201
0.197  22.401
0.193  22.601
0.187  22.801
0.189  23.001
0.195  23.201
0.198  23.401
0.200  23.601
0.198  23.801
0.196  24.001
0.197  24.201
0.196  24.401
0.195  24.601
0.193  24.801
0.194  25.001
0.195  25.201
0.196  25.401
0.199  25.601
0.196  25.801
0.192  26.001
0.192  26.201
0.190  26.401
0.195  26.601
0.198  26.801
0.193  27.001
0.196  27.201
0.194  27.401
0.195  27.601
0.196  27.801
0.192  28.001
0.192  28.201
0.193  28.401
0.195  28.601
0.195  28.801
0.197  29.001
0.199  29.201
0.195  29.401
0.197  29.601
0.193  29.801
0.192  30.001
0.194  30.201
0.193  30.401
0.197  30.601
0.194  30.801
0.194  31.001
0.195  31.201
0.197  31.401
0.199  31.601
0.192  31.801
0.190  32.001
0.193  32.201
0.193  32.401
0.192  32.601
0.194  32.801
0.194  33.001
0.197  33.201
0.196  33.401
0.190  33.601
0.195  33.801
0.196  34.001
0.199  34.201
0.197  34.401
0.197  34.601
0.200  34.801
0.195  35.001
0.191  35.201
0.187  35.401
0.190  35.601
0.189  35.801
0.194  36.001
0.196  36.201
0.197  36.401
0.198  36.601
0.192  36.801
0.191  37.001
0.196  37.201
0.196  37.401
0.195  37.601
0.193  37.801
0.188  38.001
0.195  38.201
0.199  38.401
0.202  38.601
0.201  38.801
0.194  39.001
0.193  39.201
0.189  39.401
0.189  39.601
0.195  39.801
0.192  40.001
0.193  40.201
0.197  40.401
0.200  40.601
0.205  40.801
0.210  41.001
0.206  41.201
0.205  41.401
0.204  41.601
0.202  41.801
0.205  42.001
0.213  42.201
0.225  42.401
0.223  42.601
0.225  42.801
0.207  43.001
0.191  43.201
0.188  43.401
0.185  43.601
0.192  43.801
0.196  44.001
0.196  44.201
0.199  44.401
0.196  44.601
0.199  44.801
0.205  45.001
0.186  45.201
0.193  45.401
0.192  45.601
0.193  45.801
0.201  46.001
0.188  46.201
0.200  46.401
0.208  46.601
 
BOT SECTIONAL LOSS (1625) :
 
0.196  0.201
0.196  0.401
0.194  0.601
0.191  0.801
0.194  1.001
0.192  1.201
0.195  1.401
0.195  1.601
0.193  1.801
0.193  2.001
0.193  2.201
0.196  2.401
0.197  2.601
0.198  2.801
0.198  3.001
0.198  3.201
0.210  3.401
0.219  3.601
0.218  3.801
0.214  4.001
0.207  4.201
0.205  4.401
0.212  4.601
0.211  4.801
0.206  5.001
0.205  5.201
0.202  5.401
0.203  5.601
0.202  5.801
0.198  6.001
0.197  6.201
0.197  6.401
0.197  6.601
0.197  6.801
0.195  7.001
0.193  7.201
0.194  7.401
0.194  7.601
0.197  7.801
0.197  8.001
0.196  8.201
0.194  8.401
0.192  8.601
0.192  8.801
0.192  9.001
0.195  9.201
0.197  9.401
0.195  9.601
0.195  9.801
0.193  10.001
0.194  10.201
0.196  10.401
0.195  10.601
0.197  10.801
0.193  11.001
0.194  11.201
0.193  11.401
0.193  11.601
0.195  11.801
0.193  12.001
0.194  12.201
0.193  12.401
0.194  12.601
0.194  12.801
0.194  13.001
0.194  13.201
0.195  13.401
0.196  13.601
0.199  13.801
0.197  14.001
0.197  14.201
0.196  14.401
0.193  14.601
0.194  14.801
0.194  15.001
0.194  15.201
0.194  15.401
0.193  15.601
0.195  15.801
0.194  16.001
0.195  16.201
0.196  16.401
0.194  16.601
0.196  16.801
0.196  17.001
0.196  17.201
0.197  17.401
0.195  17.601
0.194  17.801
0.196  18.001
0.198  18.201
0.198  18.401
0.195  18.601
0.194  18.801
0.191  19.001
0.194  19.201
0.194  19.401
0.195  19.601
0.198  19.801
0.196  20.001
0.193  20.201
0.194  20.401
0.194  20.601
0.196  20.801
0.199  21.001
0.196  21.201
0.197  21.401
0.196  21.601
0.194  21.801
0.196  22.001
0.192  22.201
0.191  22.401
0.192  22.601
0.190  22.801
0.193  23.001
0.193  23.201
0.195  23.401
0.197  23.601
0.195  23.801
0.194  24.001
0.194  24.201
0.194  24.401
0.195  24.601
0.195  24.801
0.193  25.001
0.196  25.201
0.196  25.401
0.195  25.601
0.195  25.801
0.195  26.001
0.196  26.201
0.198  26.401
0.194  26.601
0.194  26.801
0.199  27.001
0.197  27.201
0.196  27.401
0.193  27.601
0.193  27.801
0.196  28.001
0.197  28.201
0.195  28.401
0.190  28.601
0.192  28.801
0.194  29.001
0.197  29.201
0.197  29.401
0.196  29.601
0.196  29.801
0.197  30.001
0.198  30.201
0.192  30.401
0.191  30.601
0.192  30.801
0.194  31.001
0.197  31.201
0.196  31.401
0.194  31.601
0.197  31.801
0.195  32.001
0.196  32.201
0.193  32.401
0.194  32.601
0.194  32.801
0.191  33.001
0.194  33.201
0.195  33.401
0.197  33.601
0.197  33.801
0.194  34.001
0.197  34.201
0.194  34.401
0.193  34.601
0.193  34.801
0.192  35.001
0.196  35.201
0.197  35.401
0.198  35.601
0.196  35.801
0.194  36.001
0.194  36.201
0.196  36.401
0.196  36.601
0.194  36.801
0.192  37.001
0.194  37.201
0.195  37.401
0.197  37.601
0.193  37.801
0.194  38.001
0.195  38.201
0.195  38.401
0.196  38.601
0.196  38.801
0.195  39.001
0.193  39.201
0.192  39.401
0.190  39.601
0.188  39.801
0.190  40.001
0.197  40.201
0.199  40.401
0.201  40.601
0.202  40.801
0.196  41.001
0.193  41.201
0.191  41.401
0.190  41.601
0.193  41.801
0.198  42.001
0.194  42.201
0.200  42.401
0.203  42.601
0.196  42.801
0.196  43.001
0.192  43.201
0.194  43.401
0.198  43.601
0.198  43.801
0.189  44.001
0.185  44.201
0.187  44.401
0.193  44.601
0.202  44.801
0.200  45.001
0.199  45.201
0.194  45.401
0.190  45.601
0.189  45.801
0.192  46.001
0.202  46.201
0.199  46.401
0.196  46.601
 
AVG SECTIONAL LOSS (1625) :
 
0.194  0.201
0.192  0.401
0.191  0.601
0.192  0.801
0.196  1.001
0.197  1.201
0.199  1.401
0.195  1.601
0.194  1.801
0.192  2.001
0.193  2.201
0.196  2.401
0.196  2.601
0.194  2.801
0.192  3.001
0.195  3.201
0.195  3.401
0.199  3.601
0.198  3.801
0.194  4.001
0.196  4.201
0.194  4.401
0.194  4.601
0.194  4.801
0.194  5.001
0.194  5.201
0.195  5.401
0.196  5.601
0.196  5.801
0.197  6.001
0.195  6.201
0.192  6.401
0.192  6.601
0.193  6.801
0.194  7.001
0.196  7.201
0.196  7.401
0.194  7.601
0.193  7.801
0.194  8.001
0.194  8.201
0.193  8.401
0.195  8.601
0.195  8.801
0.193  9.001
0.193  9.201
0.193  9.401
0.194  9.601
0.196  9.801
0.194  10.001
0.194  10.201
0.196  10.401
0.195  10.601
0.194  10.801
0.194  11.001
0.192  11.201
0.193  11.401
0.194  11.601
0.193  11.801
0.195  12.001
0.195  12.201
0.196  12.401
0.197  12.601
0.194  12.801
0.194  13.001
0.193  13.201
0.192  13.401
0.193  13.601
0.193  13.801
0.195  14.001
0.195  14.201
0.194  14.401
0.194  14.601
0.196  14.801
0.197  15.001
0.196  15.201
0.195  15.401
0.195  15.601
0.195  15.801
0.195  16.001
0.195  16.201
0.194  16.401
0.196  16.601
0.196  16.801
0.196  17.001
0.195  17.201
0.194  17.401
0.193  17.601
0.194  17.801
0.195  18.001
0.197  18.201
0.196  18.401
0.195  18.601
0.194  18.801
0.195  19.001
0.196  19.201
0.195  19.401
0.195  19.601
0.196  19.801
0.195  20.001
0.194  20.201
0.195  20.401
0.195  20.601
0.194  20.801
0.194  21.001
0.194  21.201
0.195  21.401
0.196  21.601
0.193  21.801
0.194  22.001
0.195  22.201
0.196  22.401
0.195  22.601
0.191  22.801
0.191  23.001
0.194  23.201
0.195  23.401
0.196  23.601
0.194  23.801
0.194  24.001
0.196  24.201
0.195  24.401
0.195  24.601
0.195  24.801
0.195  25.001
0.197  25.201
0.197  25.401
0.197  25.601
0.195  25.801
0.193  26.001
0.193  26.201
0.194  26.401
0.195  26.601
0.196  26.801
0.193  27.001
0.193  27.201
0.194  27.401
0.195  27.601
0.197  27.801
0.195  28.001
0.194  28.201
0.193  28.401
0.195  28.601
0.196  28.801
0.196  29.001
0.197  29.201
0.196  29.401
0.195  29.601
0.194  29.801
0.193  30.001
0.194  30.201
0.194  30.401
0.195  30.601
0.194  30.801
0.194  31.001
0.194  31.201
0.195  31.401
0.196  31.601
0.194  31.801
0.193  32.001
0.195  32.201
0.196  32.401
0.195  32.601
0.195  32.801
0.194  33.001
0.196  33.201
0.195  33.401
0.192  33.601
0.194  33.801
0.195  34.001
0.196  34.201
0.196  34.401
0.195  34.601
0.196  34.801
0.195  35.001
0.192  35.201
0.191  35.401
0.192  35.601
0.193  35.801
0.194  36.001
0.195  36.201
0.195  36.401
0.196  36.601
0.195  36.801
0.193  37.001
0.194  37.201
0.194  37.401
0.194  37.601
0.193  37.801
0.192  38.001
0.196  38.201
0.198  38.401
0.199  38.601
0.198  38.801
0.194  39.001
0.194  39.201
0.193  39.401
0.193  39.601
0.197  39.801
0.195  40.001
0.195  40.201
0.199  40.401
0.202  40.601
0.203  40.801
0.208  41.001
0.206  41.201
0.207  41.401
0.208  41.601
0.204  41.801
0.205  42.001
0.214  42.201
0.221  42.401
0.222  42.601
0.219  42.801
0.203  43.001
0.195  43.201
0.193  43.401
0.191  43.601
0.194  43.801
0.195  44.001
0.195  44.201
0.196  44.401
0.195  44.601
0.197  44.801
0.199  45.001
0.190  45.201
0.192  45.401
0.193  45.601
0.194  45.801
 
LENGTH FROM BE  48.385
End time : 6/27/2026 4:46:07 PM
OPERATOR     pk
 
END TIME: 6/27/2026 4:46:07 PM
MAX UNI: 0.000