FIBER ID PTE2609701                       50       6/27/2026 4:48:31 PM
START TIME: 6/27/2026 4:47:34 PM
FIBRE LENGTH  31.956
 
TOP LSA ATTENUATION 1310  0.322
TOP MAX ATTENUATION 1310  0.330
TOP MIN ATTENUATION 1310  0.314
BOT LSA ATTENUATION 1310  0.322
BOT MAX ATTENUATION 1310  0.333
BOT MIN ATTENUATION 1310  0.313
AVG LSA ATTENUATION 1310  0.322
AVG MAX ATTENUATION 1310  0.326
AVG MIN ATTENUATION 1310  0.317
 
TOP LSA ATTENUATION 1383  0.293
TOP MAX ATTENUATION 1383  0.326
TOP MIN ATTENUATION 1383  0.259
BOT LSA ATTENUATION 1383  0.292
BOT MAX ATTENUATION 1383  0.338
BOT MIN ATTENUATION 1383  0.242
AVG LSA ATTENUATION 1383  0.292
AVG MAX ATTENUATION 1383  0.316
AVG MIN ATTENUATION 1383  0.270
 
TOP LSA ATTENUATION 1550  0.183
TOP MAX ATTENUATION 1550  0.191
TOP MIN ATTENUATION 1550  0.175
BOT LSA ATTENUATION 1550  0.183
BOT MAX ATTENUATION 1550  0.190
BOT MIN ATTENUATION 1550  0.175
AVG LSA ATTENUATION 1550  0.183
AVG MAX ATTENUATION 1550  0.186
AVG MIN ATTENUATION 1550  0.178
 
TOP LSA ATTENUATION 1625  0.190
TOP MAX ATTENUATION 1625  0.196
TOP MIN ATTENUATION 1625  0.183
BOT LSA ATTENUATION 1625  0.190
BOT MAX ATTENUATION 1625  0.198
BOT MIN ATTENUATION 1625  0.183
AVG LSA ATTENUATION 1625  0.190
AVG MAX ATTENUATION 1625  0.194
AVG MIN ATTENUATION 1625  0.186
 
STEP SIZE AT 1310  :
SPIKE (Reflectance) 1310
STEP SIZE AT 1550  :
SPIKE (Reflectance) 1550
TOP SECTIONAL LOSS (1310) :
 
0.318  0.201
0.319  0.401
0.320  0.601
0.324  0.801
0.321  1.001
0.321  1.201
0.319  1.401
0.318  1.601
0.320  1.801
0.319  2.001
0.322  2.201
0.322  2.401
0.323  2.601
0.326  2.801
0.323  3.001
0.323  3.201
0.321  3.401
0.319  3.601
0.321  3.801
0.320  4.001
0.318  4.201
0.324  4.401
0.324  4.601
0.321  4.801
0.320  5.001
0.319  5.201
0.324  5.401
0.326  5.601
0.324  5.801
0.318  6.001
0.317  6.201
0.320  6.401
0.327  6.601
0.326  6.801
0.322  7.001
0.319  7.201
0.319  7.401
0.326  7.601
0.326  7.801
0.327  8.001
0.325  8.201
0.322  8.401
0.319  8.601
0.320  8.801
0.321  9.001
0.320  9.201
0.318  9.401
0.320  9.601
0.327  9.801
0.329  10.001
0.327  10.201
0.323  10.401
0.323  10.601
0.320  10.801
0.321  11.001
0.321  11.201
0.320  11.401
0.323  11.601
0.323  11.801
0.329  12.001
0.330  12.201
0.326  12.401
0.322  12.601
0.322  12.801
0.322  13.001
0.324  13.201
0.320  13.401
0.319  13.601
0.323  13.801
0.325  14.001
0.323  14.201
0.318  14.401
0.319  14.601
0.318  14.801
0.320  15.001
0.317  15.201
0.315  15.401
0.320  15.601
0.319  15.801
0.324  16.001
0.320  16.201
0.317  16.401
0.319  16.601
0.319  16.801
0.319  17.001
0.319  17.201
0.319  17.401
0.323  17.601
0.326  17.801
0.329  18.001
0.324  18.201
0.319  18.401
0.318  18.601
0.316  18.801
0.324  19.001
0.324  19.201
0.327  19.401
0.326  19.601
0.322  19.801
0.319  20.001
0.314  20.201
0.318  20.401
0.325  20.601
0.326  20.801
0.325  21.001
0.322  21.201
0.318  21.401
0.323  21.601
0.323  21.801
0.323  22.001
0.320  22.201
0.322  22.401
0.320  22.601
0.325  22.801
0.324  23.001
0.318  23.201
0.320  23.401
0.323  23.601
0.329  23.801
0.328  24.001
0.323  24.201
0.319  24.401
0.321  24.601
0.323  24.801
0.322  25.001
0.323  25.201
0.324  25.401
0.325  25.601
0.324  25.801
0.323  26.001
0.324  26.201
0.323  26.401
0.321  26.601
0.322  26.801
0.321  27.001
0.321  27.201
0.323  27.401
0.324  27.601
0.326  27.801
0.327  28.001
0.327  28.201
0.322  28.401
0.318  28.601
0.321  28.801
0.325  29.001
0.327  29.201
0.324  29.401
0.322  29.601
0.318  29.801
0.320  30.001
 
BOT SECTIONAL LOSS (1310) :
 
0.322  0.201
0.320  0.401
0.318  0.601
0.313  0.801
0.315  1.001
0.322  1.201
0.324  1.401
0.321  1.601
0.319  1.801
0.315  2.001
0.316  2.201
0.318  2.401
0.321  2.601
0.321  2.801
0.322  3.001
0.320  3.201
0.318  3.401
0.323  3.601
0.324  3.801
0.325  4.001
0.322  4.201
0.319  4.401
0.321  4.601
0.322  4.801
0.321  5.001
0.322  5.201
0.322  5.401
0.323  5.601
0.323  5.801
0.319  6.001
0.320  6.201
0.321  6.401
0.322  6.601
0.320  6.801
0.321  7.001
0.321  7.201
0.324  7.401
0.326  7.601
0.320  7.801
0.321  8.001
0.322  8.201
0.323  8.401
0.324  8.601
0.321  8.801
0.321  9.001
0.323  9.201
0.324  9.401
0.327  9.601
0.323  9.801
0.321  10.001
0.319  10.201
0.317  10.401
0.323  10.601
0.319  10.801
0.324  11.001
0.325  11.201
0.324  11.401
0.325  11.601
0.320  11.801
0.321  12.001
0.322  12.201
0.324  12.401
0.317  12.601
0.318  12.801
0.320  13.001
0.326  13.201
0.333  13.401
0.327  13.601
0.323  13.801
0.319  14.001
0.320  14.201
0.322  14.401
0.323  14.601
0.322  14.801
0.319  15.001
0.317  15.201
0.316  15.401
0.315  15.601
0.316  15.801
0.317  16.001
0.320  16.201
0.320  16.401
0.320  16.601
0.323  16.801
0.324  17.001
0.321  17.201
0.320  17.401
0.321  17.601
0.324  17.801
0.323  18.001
0.316  18.201
0.317  18.401
0.321  18.601
0.326  18.801
0.325  19.001
0.319  19.201
0.315  19.401
0.319  19.601
0.320  19.801
0.321  20.001
0.320  20.201
0.321  20.401
0.325  20.601
0.325  20.801
0.323  21.001
0.322  21.201
0.322  21.401
0.322  21.601
0.321  21.801
0.322  22.001
0.322  22.201
0.325  22.401
0.322  22.601
0.319  22.801
0.317  23.001
0.319  23.201
0.325  23.401
0.327  23.601
0.327  23.801
0.319  24.001
0.318  24.201
0.323  24.401
0.322  24.601
0.324  24.801
0.327  25.001
0.326  25.201
0.327  25.401
0.324  25.601
0.323  25.801
0.321  26.001
0.323  26.201
0.323  26.401
0.321  26.601
0.324  26.801
0.318  27.001
0.320  27.201
0.318  27.401
0.321  27.601
0.329  27.801
0.323  28.001
0.321  28.201
0.316  28.401
0.319  28.601
0.328  28.801
0.328  29.001
0.325  29.201
0.321  29.401
0.323  29.601
0.327  29.801
0.326  30.001
0.328  30.201
 
AVG SECTIONAL LOSS (1310) :
 
0.318  0.201
0.320  0.401
0.324  0.601
0.326  0.801
0.323  1.001
0.319  1.201
0.318  1.401
0.320  1.601
0.323  1.801
0.323  2.001
0.321  2.201
0.320  2.401
0.321  2.601
0.323  2.801
0.323  3.001
0.321  3.201
0.321  3.401
0.320  3.601
0.319  3.801
0.321  4.001
0.321  4.201
0.325  4.401
0.325  4.601
0.322  4.801
0.322  5.001
0.321  5.201
0.323  5.401
0.323  5.601
0.322  5.801
0.324  6.001
0.323  6.201
0.322  6.401
0.323  6.601
0.321  6.801
0.321  7.001
0.321  7.201
0.322  7.401
0.323  7.601
0.324  7.801
0.325  8.001
0.322  8.201
0.321  8.401
0.320  8.601
0.322  8.801
0.323  9.001
0.322  9.201
0.319  9.401
0.320  9.601
0.324  9.801
0.324  10.001
0.323  10.201
0.319  10.401
0.322  10.601
0.323  10.801
0.322  11.001
0.321  11.201
0.318  11.401
0.320  11.601
0.324  11.801
0.325  12.001
0.325  12.201
0.323  12.401
0.322  12.601
0.324  12.801
0.321  13.001
0.322  13.201
0.320  13.401
0.319  13.601
0.320  13.801
0.319  14.001
0.319  14.201
0.317  14.401
0.318  14.601
0.318  14.801
0.321  15.001
0.320  15.201
0.319  15.401
0.320  15.601
0.319  15.801
0.325  16.001
0.325  16.201
0.324  16.401
0.322  16.601
0.319  16.801
0.319  17.001
0.319  17.201
0.321  17.401
0.323  17.601
0.324  17.801
0.325  18.001
0.325  18.201
0.322  18.401
0.322  18.601
0.320  18.801
0.321  19.001
0.323  19.201
0.322  19.401
0.322  19.601
0.323  19.801
0.322  20.001
0.320  20.201
0.320  20.401
0.324  20.601
0.323  20.801
0.324  21.001
0.322  21.201
0.320  21.401
0.322  21.601
0.321  21.801
0.323  22.001
0.323  22.201
0.323  22.401
0.320  22.601
0.322  22.801
0.322  23.001
0.321  23.201
0.320  23.401
0.322  23.601
0.324  23.801
0.326  24.001
0.323  24.201
0.321  24.401
0.322  24.601
0.322  24.801
0.322  25.001
0.321  25.201
0.322  25.401
0.324  25.601
0.325  25.801
0.323  26.001
0.323  26.201
0.321  26.401
0.322  26.601
0.323  26.801
0.321  27.001
0.321  27.201
0.320  27.401
0.320  27.601
0.321  27.801
0.324  28.001
0.324  28.201
0.322  28.401
0.319  28.601
0.317  28.801
0.320  29.001
0.323  29.201
0.322  29.401
 
TOP SECTIONAL LOSS (1383) :
 
0.296  0.201
0.302  0.401
0.299  0.601
0.307  0.801
0.303  1.001
0.303  1.201
0.297  1.401
0.303  1.601
0.313  1.801
0.315  2.001
0.291  2.201
0.274  2.401
0.283  2.601
0.297  2.801
0.305  3.001
0.295  3.201
0.299  3.401
0.300  3.601
0.289  3.801
0.277  4.001
0.269  4.201
0.269  4.401
0.279  4.601
0.289  4.801
0.286  5.001
0.292  5.201
0.294  5.401
0.296  5.601
0.316  5.801
0.303  6.001
0.295  6.201
0.293  6.401
0.297  6.601
0.312  6.801
0.294  7.001
0.284  7.201
0.275  7.401
0.288  7.601
0.293  7.801
0.296  8.001
0.311  8.201
0.309  8.401
0.316  8.601
0.295  8.801
0.271  9.001
0.280  9.201
0.294  9.401
0.287  9.601
0.290  9.801
0.299  10.001
0.302  10.201
0.314  10.401
0.289  10.601
0.263  10.801
0.270  11.001
0.279  11.201
0.291  11.401
0.296  11.601
0.291  11.801
0.296  12.001
0.302  12.201
0.310  12.401
0.294  12.601
0.298  12.801
0.304  13.001
0.312  13.201
0.302  13.401
0.274  13.601
0.259  13.801
0.262  14.001
0.273  14.201
0.291  14.401
0.299  14.601
0.296  14.801
0.297  15.001
0.293  15.201
0.293  15.401
0.308  15.601
0.313  15.801
0.301  16.001
0.292  16.201
0.269  16.401
0.272  16.601
0.280  16.801
0.294  17.001
0.314  17.201
0.307  17.401
0.293  17.601
0.285  17.801
0.279  18.001
0.302  18.201
0.302  18.401
0.293  18.601
0.280  18.801
0.279  19.001
0.301  19.201
0.318  19.401
0.326  19.601
0.301  19.801
0.275  20.001
0.281  20.201
0.277  20.401
0.297  20.601
0.310  20.801
0.307  21.001
0.296  21.201
0.280  21.401
0.270  21.601
0.277  21.801
0.298  22.001
0.299  22.201
0.306  22.401
0.316  22.601
0.302  22.801
0.306  23.001
0.290  23.201
0.277  23.401
0.291  23.601
0.286  23.801
0.297  24.001
0.298  24.201
0.296  24.401
0.284  24.601
0.287  24.801
0.296  25.001
0.284  25.201
0.296  25.401
0.294  25.601
0.284  25.801
0.283  26.001
0.269  26.201
0.269  26.401
0.290  26.601
0.317  26.801
0.326  27.001
0.319  27.201
0.303  27.401
0.274  27.601
0.272  27.801
0.267  28.001
0.274  28.201
0.300  28.401
0.311  28.601
0.312  28.801
0.300  29.001
0.280  29.201
0.261  29.401
0.259  29.601
0.270  29.801
0.300  30.001
 
BOT SECTIONAL LOSS (1383) :
 
0.294  0.201
0.318  0.401
0.323  0.601
0.317  0.801
0.300  1.001
0.271  1.201
0.269  1.401
0.279  1.601
0.292  1.801
0.320  2.001
0.315  2.201
0.312  2.401
0.310  2.601
0.302  2.801
0.279  3.001
0.249  3.201
0.242  3.401
0.273  3.601
0.315  3.801
0.310  4.001
0.293  4.201
0.292  4.401
0.311  4.601
0.308  4.801
0.304  5.001
0.291  5.201
0.287  5.401
0.297  5.601
0.291  5.801
0.294  6.001
0.292  6.201
0.288  6.401
0.281  6.601
0.302  6.801
0.310  7.001
0.291  7.201
0.282  7.401
0.263  7.601
0.271  7.801
0.293  8.001
0.300  8.201
0.321  8.401
0.312  8.601
0.294  8.801
0.288  9.001
0.282  9.201
0.277  9.401
0.286  9.601
0.299  9.801
0.287  10.001
0.302  10.201
0.282  10.401
0.265  10.601
0.296  10.801
0.307  11.001
0.309  11.201
0.297  11.401
0.279  11.601
0.271  11.801
0.280  12.001
0.298  12.201
0.299  12.401
0.299  12.601
0.295  12.801
0.281  13.001
0.295  13.201
0.308  13.401
0.312  13.601
0.309  13.801
0.292  14.001
0.277  14.201
0.269  14.401
0.270  14.601
0.290  14.801
0.297  15.001
0.297  15.201
0.293  15.401
0.283  15.601
0.292  15.801
0.307  16.001
0.327  16.201
0.330  16.401
0.321  16.601
0.293  16.801
0.274  17.001
0.264  17.201
0.275  17.401
0.297  17.601
0.281  17.801
0.270  18.001
0.283  18.201
0.292  18.401
0.304  18.601
0.294  18.801
0.280  19.001
0.313  19.201
0.333  19.401
0.306  19.601
0.272  19.801
0.271  20.001
0.286  20.201
0.301  20.401
0.289  20.601
0.276  20.801
0.299  21.001
0.321  21.201
0.316  21.401
0.298  21.601
0.280  21.801
0.264  22.001
0.279  22.201
0.277  22.401
0.301  22.601
0.312  22.801
0.302  23.001
0.291  23.201
0.267  23.401
0.283  23.601
0.298  23.801
0.313  24.001
0.295  24.201
0.269  24.401
0.266  24.601
0.277  24.801
0.288  25.001
0.291  25.201
0.301  25.401
0.319  25.601
0.338  25.801
0.330  26.001
0.294  26.201
0.265  26.401
0.272  26.601
0.287  26.801
0.298  27.001
0.273  27.201
0.256  27.401
0.286  27.601
0.289  27.801
0.305  28.001
0.296  28.201
0.290  28.401
0.302  28.601
0.286  28.801
0.278  29.001
0.280  29.201
0.269  29.401
0.281  29.601
0.278  29.801
0.291  30.001
 
AVG SECTIONAL LOSS (1383) :
 
0.316  0.201
0.296  0.401
0.289  0.601
0.293  0.801
0.287  1.001
0.291  1.201
0.285  1.401
0.293  1.601
0.307  1.801
0.301  2.001
0.294  2.201
0.290  2.401
0.289  2.601
0.292  2.801
0.280  3.001
0.283  3.201
0.298  3.401
0.297  3.601
0.281  3.801
0.270  4.001
0.278  4.201
0.297  4.401
0.309  4.601
0.304  4.801
0.295  5.001
0.293  5.201
0.292  5.401
0.288  5.601
0.289  5.801
0.284  6.001
0.294  6.201
0.304  6.401
0.299  6.601
0.298  6.801
0.278  7.001
0.286  7.201
0.289  7.401
0.300  7.601
0.298  7.801
0.287  8.001
0.297  8.201
0.289  8.401
0.295  8.601
0.295  8.801
0.292  9.001
0.302  9.201
0.299  9.401
0.281  9.601
0.288  9.801
0.299  10.001
0.296  10.201
0.293  10.401
0.279  10.601
0.280  10.801
0.301  11.001
0.300  11.201
0.288  11.401
0.293  11.601
0.297  11.801
0.296  12.001
0.294  12.201
0.291  12.401
0.285  12.601
0.298  12.801
0.293  13.001
0.288  13.201
0.287  13.401
0.281  13.601
0.287  13.801
0.298  14.001
0.300  14.201
0.301  14.401
0.298  14.601
0.289  14.801
0.294  15.001
0.296  15.201
0.295  15.401
0.302  15.601
0.293  15.801
0.283  16.001
0.285  16.201
0.278  16.401
0.291  16.601
0.295  16.801
0.301  17.001
0.307  17.201
0.294  17.401
0.293  17.601
0.293  17.801
0.288  18.001
0.302  18.201
0.293  18.401
0.282  18.601
0.278  18.801
0.287  19.001
0.304  19.201
0.313  19.401
0.313  19.601
0.283  19.801
0.276  20.001
0.292  20.201
0.283  20.401
0.296  20.601
0.300  20.801
0.291  21.001
0.289  21.201
0.283  21.401
0.281  21.601
0.293  21.801
0.310  22.001
0.301  22.201
0.301  22.401
0.297  22.601
0.282  22.801
0.293  23.001
0.290  23.201
0.292  23.401
0.299  23.601
0.285  23.801
0.291  24.001
0.296  24.201
0.294  24.401
0.286  24.601
0.293  24.801
0.291  25.001
0.288  25.201
0.298  25.401
0.300  25.601
0.298  25.801
0.290  26.001
0.282  26.201
0.287  26.401
0.302  26.601
0.298  26.801
0.287  27.001
0.282  27.201
0.289  27.401
0.286  27.601
0.290  27.801
0.289  28.001
0.293  28.201
0.311  28.401
0.303  28.601
0.295  28.801
0.285  29.001
0.275  29.201
0.278  29.401
 
TOP SECTIONAL LOSS (1550) :
 
0.183  0.201
0.181  0.401
0.180  0.601
0.179  0.801
0.181  1.001
0.179  1.201
0.181  1.401
0.183  1.601
0.182  1.801
0.182  2.001
0.182  2.201
0.180  2.401
0.180  2.601
0.181  2.801
0.180  3.001
0.184  3.201
0.185  3.401
0.184  3.601
0.181  3.801
0.180  4.001
0.178  4.201
0.182  4.401
0.184  4.601
0.183  4.801
0.182  5.001
0.180  5.201
0.185  5.401
0.183  5.601
0.185  5.801
0.184  6.001
0.179  6.201
0.180  6.401
0.178  6.601
0.183  6.801
0.184  7.001
0.182  7.201
0.180  7.401
0.182  7.601
0.185  7.801
0.186  8.001
0.184  8.201
0.180  8.401
0.182  8.601
0.180  8.801
0.185  9.001
0.183  9.201
0.182  9.401
0.185  9.601
0.180  9.801
0.182  10.001
0.181  10.201
0.180  10.401
0.183  10.601
0.182  10.801
0.181  11.001
0.182  11.201
0.183  11.401
0.186  11.601
0.183  11.801
0.179  12.001
0.177  12.201
0.179  12.401
0.183  12.601
0.184  12.801
0.184  13.001
0.184  13.201
0.186  13.401
0.187  13.601
0.182  13.801
0.180  14.001
0.181  14.201
0.182  14.401
0.184  14.601
0.183  14.801
0.183  15.001
0.183  15.201
0.182  15.401
0.186  15.601
0.181  15.801
0.184  16.001
0.182  16.201
0.179  16.401
0.184  16.601
0.181  16.801
0.184  17.001
0.187  17.201
0.182  17.401
0.184  17.601
0.181  17.801
0.180  18.001
0.183  18.201
0.181  18.401
0.184  18.601
0.180  18.801
0.182  19.001
0.184  19.201
0.189  19.401
0.189  19.601
0.185  19.801
0.182  20.001
0.180  20.201
0.183  20.401
0.185  20.601
0.185  20.801
0.182  21.001
0.184  21.201
0.183  21.401
0.182  21.601
0.188  21.801
0.182  22.001
0.180  22.201
0.178  22.401
0.179  22.601
0.187  22.801
0.191  23.001
0.190  23.201
0.186  23.401
0.180  23.601
0.177  23.801
0.181  24.001
0.186  24.201
0.187  24.401
0.181  24.601
0.177  24.801
0.181  25.001
0.184  25.201
0.190  25.401
0.188  25.601
0.180  25.801
0.180  26.001
0.177  26.201
0.183  26.401
0.184  26.601
0.183  26.801
0.188  27.001
0.185  27.201
0.186  27.401
0.184  27.601
0.177  27.801
0.180  28.001
0.175  28.201
0.182  28.401
0.189  28.601
0.188  28.801
0.188  29.001
0.180  29.201
0.184  29.401
0.185  29.601
0.185  29.801
0.185  30.001
0.181  30.201
 
BOT SECTIONAL LOSS (1550) :
 
0.180  0.201
0.181  0.401
0.184  0.601
0.181  0.801
0.180  1.001
0.179  1.201
0.179  1.401
0.182  1.601
0.184  1.801
0.183  2.001
0.180  2.201
0.180  2.401
0.180  2.601
0.182  2.801
0.184  3.001
0.182  3.201
0.183  3.401
0.187  3.601
0.186  3.801
0.183  4.001
0.179  4.201
0.180  4.401
0.182  4.601
0.184  4.801
0.183  5.001
0.184  5.201
0.184  5.401
0.182  5.601
0.181  5.801
0.181  6.001
0.181  6.201
0.184  6.401
0.180  6.601
0.178  6.801
0.180  7.001
0.181  7.201
0.187  7.401
0.185  7.601
0.184  7.801
0.181  8.001
0.184  8.201
0.185  8.401
0.182  8.601
0.181  8.801
0.180  9.001
0.184  9.201
0.187  9.401
0.185  9.601
0.179  9.801
0.178  10.001
0.177  10.201
0.178  10.401
0.180  10.601
0.185  10.801
0.187  11.001
0.185  11.201
0.183  11.401
0.181  11.601
0.183  11.801
0.184  12.001
0.181  12.201
0.181  12.401
0.183  12.601
0.183  12.801
0.184  13.001
0.180  13.201
0.181  13.401
0.182  13.601
0.182  13.801
0.187  14.001
0.184  14.201
0.184  14.401
0.183  14.601
0.177  14.801
0.180  15.001
0.180  15.201
0.186  15.401
0.188  15.601
0.184  15.801
0.182  16.001
0.180  16.201
0.185  16.401
0.185  16.601
0.183  16.801
0.182  17.001
0.184  17.201
0.184  17.401
0.182  17.601
0.182  17.801
0.184  18.001
0.184  18.201
0.184  18.401
0.182  18.601
0.183  18.801
0.183  19.001
0.185  19.201
0.185  19.401
0.184  19.601
0.183  19.801
0.182  20.001
0.178  20.201
0.183  20.401
0.183  20.601
0.184  20.801
0.188  21.001
0.186  21.201
0.190  21.401
0.181  21.601
0.176  21.801
0.179  22.001
0.184  22.201
0.187  22.401
0.185  22.601
0.184  22.801
0.187  23.001
0.188  23.201
0.183  23.401
0.181  23.601
0.178  23.801
0.175  24.001
0.180  24.201
0.184  24.401
0.185  24.601
0.183  24.801
0.178  25.001
0.178  25.201
0.181  25.401
0.184  25.601
0.181  25.801
0.185  26.001
0.183  26.201
0.183  26.401
0.186  26.601
0.184  26.801
0.181  27.001
0.182  27.201
0.182  27.401
0.189  27.601
0.188  27.801
0.183  28.001
0.182  28.201
0.186  28.401
0.186  28.601
0.181  28.801
0.182  29.001
0.182  29.201
0.190  29.401
0.185  29.601
0.179  29.801
0.177  30.001
0.178  30.201
 
AVG SECTIONAL LOSS (1550) :
 
0.184  0.201
0.185  0.401
0.180  0.601
0.180  0.801
0.181  1.001
0.182  1.201
0.183  1.401
0.182  1.601
0.183  1.801
0.184  2.001
0.184  2.201
0.180  2.401
0.180  2.601
0.181  2.801
0.182  3.001
0.185  3.201
0.184  3.401
0.183  3.601
0.183  3.801
0.181  4.001
0.182  4.201
0.182  4.401
0.182  4.601
0.181  4.801
0.183  5.001
0.183  5.201
0.184  5.401
0.182  5.601
0.180  5.801
0.181  6.001
0.180  6.201
0.182  6.401
0.183  6.601
0.185  6.801
0.184  7.001
0.184  7.201
0.183  7.401
0.182  7.601
0.182  7.801
0.181  8.001
0.183  8.201
0.185  8.401
0.184  8.601
0.184  8.801
0.184  9.001
0.183  9.201
0.182  9.401
0.182  9.601
0.181  9.801
0.183  10.001
0.183  10.201
0.183  10.401
0.184  10.601
0.183  10.801
0.182  11.001
0.183  11.201
0.184  11.401
0.185  11.601
0.183  11.801
0.181  12.001
0.180  12.201
0.181  12.401
0.183  12.601
0.183  12.801
0.183  13.001
0.184  13.201
0.185  13.401
0.183  13.601
0.183  13.801
0.182  14.001
0.184  14.201
0.183  14.401
0.182  14.601
0.181  14.801
0.180  15.001
0.183  15.201
0.183  15.401
0.186  15.601
0.183  15.801
0.182  16.001
0.182  16.201
0.180  16.401
0.183  16.601
0.183  16.801
0.183  17.001
0.185  17.201
0.182  17.401
0.183  17.601
0.183  17.801
0.181  18.001
0.182  18.201
0.183  18.401
0.185  18.601
0.184  18.801
0.183  19.001
0.182  19.201
0.183  19.401
0.182  19.601
0.182  19.801
0.181  20.001
0.183  20.201
0.185  20.401
0.183  20.601
0.182  20.801
0.182  21.001
0.184  21.201
0.184  21.401
0.183  21.601
0.184  21.801
0.183  22.001
0.183  22.201
0.183  22.401
0.181  22.601
0.183  22.801
0.184  23.001
0.185  23.201
0.185  23.401
0.181  23.601
0.179  23.801
0.181  24.001
0.184  24.201
0.185  24.401
0.182  24.601
0.181  24.801
0.182  25.001
0.183  25.201
0.184  25.401
0.184  25.601
0.182  25.801
0.183  26.001
0.181  26.201
0.183  26.401
0.183  26.601
0.183  26.801
0.185  27.001
0.182  27.201
0.183  27.401
0.182  27.601
0.181  27.801
0.182  28.001
0.178  28.201
0.180  28.401
0.184  28.601
0.185  28.801
0.185  29.001
0.182  29.201
0.182  29.401
 
TOP SECTIONAL LOSS (1625) :
 
0.191  0.201
0.190  0.401
0.189  0.601
0.189  0.801
0.191  1.001
0.189  1.201
0.189  1.401
0.189  1.601
0.187  1.801
0.188  2.001
0.190  2.201
0.192  2.401
0.192  2.601
0.188  2.801
0.189  3.001
0.191  3.201
0.191  3.401
0.193  3.601
0.194  3.801
0.195  4.001
0.192  4.201
0.186  4.401
0.183  4.601
0.186  4.801
0.191  5.001
0.190  5.201
0.189  5.401
0.189  5.601
0.189  5.801
0.189  6.001
0.190  6.201
0.190  6.401
0.192  6.601
0.191  6.801
0.188  7.001
0.191  7.201
0.192  7.401
0.193  7.601
0.192  7.801
0.189  8.001
0.188  8.201
0.187  8.401
0.187  8.601
0.189  8.801
0.190  9.001
0.191  9.201
0.190  9.401
0.189  9.601
0.190  9.801
0.191  10.001
0.189  10.201
0.189  10.401
0.189  10.601
0.186  10.801
0.188  11.001
0.188  11.201
0.190  11.401
0.194  11.601
0.190  11.801
0.188  12.001
0.189  12.201
0.189  12.401
0.191  12.601
0.189  12.801
0.191  13.001
0.191  13.201
0.191  13.401
0.190  13.601
0.190  13.801
0.191  14.001
0.193  14.201
0.193  14.401
0.192  14.601
0.193  14.801
0.193  15.001
0.191  15.201
0.188  15.401
0.189  15.601
0.190  15.801
0.195  16.001
0.193  16.201
0.190  16.401
0.190  16.601
0.188  16.801
0.190  17.001
0.191  17.201
0.188  17.401
0.190  17.601
0.191  17.801
0.191  18.001
0.189  18.201
0.188  18.401
0.192  18.601
0.195  18.801
0.194  19.001
0.193  19.201
0.191  19.401
0.189  19.601
0.188  19.801
0.187  20.001
0.187  20.201
0.192  20.401
0.195  20.601
0.196  20.801
0.195  21.001
0.192  21.201
0.191  21.401
0.192  21.601
0.189  21.801
0.185  22.001
0.190  22.201
0.190  22.401
0.193  22.601
0.191  22.801
0.184  23.001
0.186  23.201
0.184  23.401
0.188  23.601
0.193  23.801
0.195  24.001
0.193  24.201
0.187  24.401
0.186  24.601
0.188  24.801
0.195  25.001
0.192  25.201
0.190  25.401
0.191  25.601
0.191  25.801
0.195  26.001
0.194  26.201
0.190  26.401
0.187  26.601
0.184  26.801
0.186  27.001
0.190  27.201
0.193  27.401
0.192  27.601
0.191  27.801
0.190  28.001
0.192  28.201
0.191  28.401
0.190  28.601
0.192  28.801
0.195  29.001
0.195  29.201
0.187  29.401
0.185  29.601
0.188  29.801
0.191  30.001
 
BOT SECTIONAL LOSS (1625) :
 
0.189  0.201
0.192  0.401
0.190  0.601
0.190  0.801
0.189  1.001
0.189  1.201
0.191  1.401
0.188  1.601
0.189  1.801
0.188  2.001
0.187  2.201
0.189  2.401
0.190  2.601
0.190  2.801
0.190  3.001
0.187  3.201
0.188  3.401
0.190  3.601
0.190  3.801
0.192  4.001
0.192  4.201
0.190  4.401
0.189  4.601
0.188  4.801
0.189  5.001
0.190  5.201
0.190  5.401
0.190  5.601
0.189  5.801
0.189  6.001
0.193  6.201
0.191  6.401
0.192  6.601
0.189  6.801
0.188  7.001
0.190  7.201
0.190  7.401
0.192  7.601
0.191  7.801
0.189  8.001
0.188  8.201
0.187  8.401
0.186  8.601
0.188  8.801
0.187  9.001
0.188  9.201
0.189  9.401
0.189  9.601
0.190  9.801
0.188  10.001
0.189  10.201
0.189  10.401
0.190  10.601
0.191  10.801
0.189  11.001
0.191  11.201
0.190  11.401
0.192  11.601
0.191  11.801
0.191  12.001
0.191  12.201
0.189  12.401
0.188  12.601
0.188  12.801
0.191  13.001
0.190  13.201
0.191  13.401
0.189  13.601
0.190  13.801
0.195  14.001
0.195  14.201
0.194  14.401
0.189  14.601
0.189  14.801
0.189  15.001
0.192  15.201
0.189  15.401
0.189  15.601
0.190  15.801
0.185  16.001
0.193  16.201
0.194  16.401
0.194  16.601
0.192  16.801
0.187  17.001
0.190  17.201
0.193  17.401
0.192  17.601
0.192  17.801
0.188  18.001
0.186  18.201
0.189  18.401
0.190  18.601
0.192  18.801
0.191  19.001
0.190  19.201
0.194  19.401
0.194  19.601
0.193  19.801
0.186  20.001
0.187  20.201
0.191  20.401
0.189  20.601
0.192  20.801
0.191  21.001
0.193  21.201
0.194  21.401
0.189  21.601
0.185  21.801
0.187  22.001
0.190  22.201
0.191  22.401
0.190  22.601
0.189  22.801
0.184  23.001
0.186  23.201
0.190  23.401
0.191  23.601
0.195  23.801
0.192  24.001
0.187  24.201
0.187  24.401
0.191  24.601
0.196  24.801
0.198  25.001
0.194  25.201
0.189  25.401
0.189  25.601
0.189  25.801
0.189  26.001
0.185  26.201
0.186  26.401
0.188  26.601
0.191  26.801
0.196  27.001
0.191  27.201
0.189  27.401
0.183  27.601
0.188  27.801
0.193  28.001
0.193  28.201
0.191  28.401
0.188  28.601
0.185  28.801
0.194  29.001
0.196  29.201
0.186  29.401
0.187  29.601
0.188  29.801
0.196  30.001
0.196  30.201
 
AVG SECTIONAL LOSS (1625) :
 
0.189  0.201
0.188  0.401
0.192  0.601
0.192  0.801
0.188  1.001
0.189  1.201
0.190  1.401
0.191  1.601
0.191  1.801
0.188  2.001
0.186  2.201
0.190  2.401
0.191  2.601
0.192  2.801
0.190  3.001
0.189  3.201
0.189  3.401
0.189  3.601
0.191  3.801
0.192  4.001
0.190  4.201
0.188  4.401
0.188  4.601
0.192  4.801
0.194  5.001
0.191  5.201
0.189  5.401
0.188  5.601
0.190  5.801
0.193  6.001
0.190  6.201
0.191  6.401
0.189  6.601
0.188  6.801
0.189  7.001
0.191  7.201
0.191  7.401
0.191  7.601
0.190  7.801
0.187  8.001
0.189  8.201
0.190  8.401
0.189  8.601
0.190  8.801
0.190  9.001
0.190  9.201
0.190  9.401
0.188  9.601
0.188  9.801
0.191  10.001
0.192  10.201
0.192  10.401
0.190  10.601
0.188  10.801
0.190  11.001
0.189  11.201
0.190  11.401
0.190  11.601
0.189  11.801
0.190  12.001
0.191  12.201
0.192  12.401
0.191  12.601
0.188  12.801
0.191  13.001
0.193  13.201
0.192  13.401
0.191  13.601
0.188  13.801
0.190  14.001
0.191  14.201
0.191  14.401
0.192  14.601
0.192  14.801
0.191  15.001
0.190  15.201
0.191  15.401
0.192  15.601
0.193  15.801
0.192  16.001
0.191  16.201
0.190  16.401
0.190  16.601
0.189  16.801
0.189  17.001
0.189  17.201
0.189  17.401
0.191  17.601
0.191  17.801
0.191  18.001
0.190  18.201
0.189  18.401
0.192  18.601
0.192  18.801
0.192  19.001
0.192  19.201
0.189  19.401
0.189  19.601
0.188  19.801
0.189  20.001
0.188  20.201
0.190  20.401
0.192  20.601
0.192  20.801
0.191  21.001
0.189  21.201
0.189  21.401
0.189  21.601
0.189  21.801
0.188  22.001
0.190  22.201
0.190  22.401
0.191  22.601
0.190  22.801
0.187  23.001
0.189  23.201
0.188  23.401
0.190  23.601
0.191  23.801
0.192  24.001
0.192  24.201
0.189  24.401
0.188  24.601
0.188  24.801
0.191  25.001
0.191  25.201
0.190  25.401
0.191  25.601
0.191  25.801
0.192  26.001
0.192  26.201
0.189  26.401
0.187  26.601
0.187  26.801
0.188  27.001
0.191  27.201
0.191  27.401
0.190  27.601
0.190  27.801
0.190  28.001
0.190  28.201
0.191  28.401
0.190  28.601
0.191  28.801
0.192  29.001
0.192  29.201
0.190  29.401
 
LENGTH FROM BE  31.956
End time : 6/27/2026 4:48:32 PM
OPERATOR     pk
 
END TIME: 6/27/2026 4:48:32 PM
MAX UNI: 0.000